#-----------------------------------------------------------
# Vivado v2019.1 (64-bit)
# SW Build 2552052 on Fri May 24 14:49:42 MDT 2019
# IP Build 2548770 on Fri May 24 18:01:18 MDT 2019
# Start of session at: Thu Nov  9 16:28:55 2023
# Process ID: 39440
# Current directory: C:/Users/dbtue/OneDrive/Documents/SCHOOL/ArtyS7-RPU-SoC-master/ArtyS7-RPU-SoC-master
# Command line: vivado.exe -gui_launcher_event rodinguilauncherevent35508 C:\Users\dbtue\OneDrive\Documents\SCHOOL\ArtyS7-RPU-SoC-master\ArtyS7-RPU-SoC-master\RISCV.xpr
# Log file: C:/Users/dbtue/OneDrive/Documents/SCHOOL/ArtyS7-RPU-SoC-master/ArtyS7-RPU-SoC-master/vivado.log
# Journal file: C:/Users/dbtue/OneDrive/Documents/SCHOOL/ArtyS7-RPU-SoC-master/ArtyS7-RPU-SoC-master\vivado.jou
#-----------------------------------------------------------
Sourcing tcl script 'C:/Users/dbtue/AppData/Roaming/Xilinx/Vivado/Vivado_init.tcl'
start_gui
open_project -read_only -part xc7z010iclg225-1L C:/Users/dbtue/OneDrive/Documents/SCHOOL/ArtyS7-RPU-SoC-master/ArtyS7-RPU-SoC-master/RISCV.xpr
INFO: [ProjectBase 1-489] The host OS only allows 260 characters in a normal path. The project is stored in a path with more than 80 characters. If you experience issues with IP, Block Designs, or files not being found, please consider moving the project to a location with a shorter path. Alternately consider using the OS subst command to map part of the path to a drive letter.
Current project path is 'C:/Users/dbtue/OneDrive/Documents/SCHOOL/ArtyS7-RPU-SoC-master/ArtyS7-RPU-SoC-master'
INFO: [Project 1-313] Project file moved from 'C:/dev/RPU/ArtyS7-RPU-SoC' since last save.
CRITICAL WARNING: [Project 1-311] Could not find the file 'C:/Users/dbtue/OneDrive/Documents/SCHOOL/ArtyS7-RPU-SoC-master/ArtyS7-RPU-SoC-master/RISCV.srcs/sources_1/bd/clk_video/clk_video.bd', nor could it be found using path 'C:/dev/RPU/ArtyS7-RPU-SoC/ArtyS7_RPU_SoC.srcs/sources_1/bd/clk_video/clk_video.bd'.
CRITICAL WARNING: [Project 1-311] Could not find the file 'C:/Users/dbtue/OneDrive/Documents/SCHOOL/ArtyS7-RPU-SoC-master/ArtyS7-RPU-SoC-master/RISCV.srcs/sources_1/bd/BRAM_64KB/BRAM_64KB.bd', nor could it be found using path 'C:/dev/RPU/ArtyS7-RPU-SoC/ArtyS7_RPU_SoC.srcs/sources_1/bd/BRAM_64KB/BRAM_64KB.bd'.
CRITICAL WARNING: [Project 1-311] Could not find the file 'C:/Users/dbtue/OneDrive/Documents/SCHOOL/ArtyS7-RPU-SoC-master/ArtyS7-RPU-SoC-master/RISCV.srcs/sources_1/bd/clk_main/clk_main.bd', nor could it be found using path 'C:/dev/RPU/ArtyS7-RPU-SoC/ArtyS7_RPU_SoC.srcs/sources_1/bd/clk_main/clk_main.bd'.
CRITICAL WARNING: [Project 1-311] Could not find the file 'C:/Users/dbtue/OneDrive/Documents/SCHOOL/ArtyS7-RPU-SoC-master/ArtyS7-RPU-SoC-master/RISCV.srcs/sources_1/bd/BRAM_trace/BRAM_trace.bd', nor could it be found using path 'C:/dev/RPU/ArtyS7-RPU-SoC/ArtyS7_RPU_SoC.srcs/sources_1/bd/BRAM_trace/BRAM_trace.bd'.
CRITICAL WARNING: [Project 1-311] Could not find the file 'C:/Users/dbtue/OneDrive/Documents/SCHOOL/ArtyS7-RPU-SoC-master/ArtyS7-RPU-SoC-master/RISCV.srcs/sources_1/imports/hdl/BRAM_trace_wrapper.vhd', nor could it be found using path 'C:/dev/RPU/ArtyS7-RPU-SoC/ArtyS7_RPU_SoC.srcs/sources_1/imports/hdl/BRAM_trace_wrapper.vhd'.
CRITICAL WARNING: [Project 1-311] Could not find the file 'C:/Users/dbtue/OneDrive/Documents/SCHOOL/ArtyS7-RPU-SoC-master/ArtyS7-RPU-SoC-master/RISCV.srcs/sources_1/imports/hdl/clk_main_wrapper.vhd', nor could it be found using path 'C:/dev/RPU/ArtyS7-RPU-SoC/ArtyS7_RPU_SoC.srcs/sources_1/imports/hdl/clk_main_wrapper.vhd'.
CRITICAL WARNING: [Project 1-311] Could not find the file 'C:/Users/dbtue/OneDrive/Documents/SCHOOL/ArtyS7-RPU-SoC-master/ArtyS7-RPU-SoC-master/RISCV.srcs/sources_1/imports/hdl/clk_video_wrapper.vhd', nor could it be found using path 'C:/dev/RPU/ArtyS7-RPU-SoC/ArtyS7_RPU_SoC.srcs/sources_1/imports/hdl/clk_video_wrapper.vhd'.
CRITICAL WARNING: [Project 1-311] Could not find the file 'C:/Users/dbtue/OneDrive/Documents/SCHOOL/ArtyS7-RPU-SoC-master/ArtyS7-RPU-SoC-master/RPU/vhdl/constants.vhd', nor could it be found using path 'C:/dev/RPU/ArtyS7-RPU-SoC/RPU/vhdl/constants.vhd'.
CRITICAL WARNING: [Project 1-311] Could not find the file 'C:/Users/dbtue/OneDrive/Documents/SCHOOL/ArtyS7-RPU-SoC-master/ArtyS7-RPU-SoC-master/RPU/vhdl/control_unit.vhd', nor could it be found using path 'C:/dev/RPU/ArtyS7-RPU-SoC/RPU/vhdl/control_unit.vhd'.
CRITICAL WARNING: [Project 1-311] Could not find the file 'C:/Users/dbtue/OneDrive/Documents/SCHOOL/ArtyS7-RPU-SoC-master/ArtyS7-RPU-SoC-master/RPU/vhdl/core.vhd', nor could it be found using path 'C:/dev/RPU/ArtyS7-RPU-SoC/RPU/vhdl/core.vhd'.
CRITICAL WARNING: [Project 1-311] Could not find the file 'C:/Users/dbtue/OneDrive/Documents/SCHOOL/ArtyS7-RPU-SoC-master/ArtyS7-RPU-SoC-master/RPU/vhdl/csr_unit.vhd', nor could it be found using path 'C:/dev/RPU/ArtyS7-RPU-SoC/RPU/vhdl/csr_unit.vhd'.
CRITICAL WARNING: [Project 1-311] Could not find the file 'C:/Users/dbtue/OneDrive/Documents/SCHOOL/ArtyS7-RPU-SoC-master/ArtyS7-RPU-SoC-master/RPU/vhdl/lint_unit.vhd', nor could it be found using path 'C:/dev/RPU/ArtyS7-RPU-SoC/RPU/vhdl/lint_unit.vhd'.
CRITICAL WARNING: [Project 1-311] Could not find the file 'C:/Users/dbtue/OneDrive/Documents/SCHOOL/ArtyS7-RPU-SoC-master/ArtyS7-RPU-SoC-master/RPU/vhdl/mem_controller.vhd', nor could it be found using path 'C:/dev/RPU/ArtyS7-RPU-SoC/RPU/vhdl/mem_controller.vhd'.
CRITICAL WARNING: [Project 1-311] Could not find the file 'C:/Users/dbtue/OneDrive/Documents/SCHOOL/ArtyS7-RPU-SoC-master/ArtyS7-RPU-SoC-master/RPU/vhdl/pc_unit.vhd', nor could it be found using path 'C:/dev/RPU/ArtyS7-RPU-SoC/RPU/vhdl/pc_unit.vhd'.
CRITICAL WARNING: [Project 1-311] Could not find the file 'C:/Users/dbtue/OneDrive/Documents/SCHOOL/ArtyS7-RPU-SoC-master/ArtyS7-RPU-SoC-master/RPU/vhdl/register_set.vhd', nor could it be found using path 'C:/dev/RPU/ArtyS7-RPU-SoC/RPU/vhdl/register_set.vhd'.
CRITICAL WARNING: [Project 1-311] Could not find the file 'C:/Users/dbtue/OneDrive/Documents/SCHOOL/ArtyS7-RPU-SoC-master/ArtyS7-RPU-SoC-master/RPU/vhdl/unit_alu_RV32_I.vhd', nor could it be found using path 'C:/dev/RPU/ArtyS7-RPU-SoC/RPU/vhdl/unit_alu_RV32_I.vhd'.
CRITICAL WARNING: [Project 1-311] Could not find the file 'C:/Users/dbtue/OneDrive/Documents/SCHOOL/ArtyS7-RPU-SoC-master/ArtyS7-RPU-SoC-master/RPU/vhdl/unit_decoder_RV32I.vhd', nor could it be found using path 'C:/dev/RPU/ArtyS7-RPU-SoC/RPU/vhdl/unit_decoder_RV32I.vhd'.
CRITICAL WARNING: [Project 1-311] Could not find the file 'C:/Users/dbtue/OneDrive/Documents/SCHOOL/ArtyS7-RPU-SoC-master/ArtyS7-RPU-SoC-master/RISCV.srcs/sources_1/ip/mig_7series_0/mig_a.prj', nor could it be found using path 'C:/dev/RPU/ArtyS7-RPU-SoC/ArtyS7_RPU_SoC.srcs/sources_1/ip/mig_7series_0/mig_a.prj'.
CRITICAL WARNING: [Project 1-311] Could not find the file 'C:/Users/dbtue/OneDrive/Documents/SCHOOL/ArtyS7-RPU-SoC-master/ArtyS7-RPU-SoC-master/RISCV.srcs/sources_1/imports/RPU/vivado/rom/coe/bootloader.coe', nor could it be found using path 'C:/dev/RPU/ArtyS7-RPU-SoC/ArtyS7_RPU_SoC.srcs/sources_1/imports/RPU/vivado/rom/coe/bootloader.coe'.
CRITICAL WARNING: [Project 1-311] Could not find the file 'C:/Users/dbtue/OneDrive/Documents/SCHOOL/ArtyS7-RPU-SoC-master/ArtyS7-RPU-SoC-master/RPU/vhdl/alu_int32_div.vhd', nor could it be found using path 'C:/dev/RPU/ArtyS7-RPU-SoC/RPU/vhdl/alu_int32_div.vhd'.
CRITICAL WARNING: [Project 1-311] Could not find the file 'C:/Users/dbtue/OneDrive/Documents/SCHOOL/ArtyS7-RPU-SoC-master/ArtyS7-RPU-SoC-master/RISCV.srcs/sources_1/bd/BRAM_cache/BRAM_cache.bd', nor could it be found using path 'C:/dev/RPU/ArtyS7-RPU-SoC/ArtyS7_RPU_SoC.srcs/sources_1/bd/BRAM_cache/BRAM_cache.bd'.
CRITICAL WARNING: [Project 1-311] Could not find the file 'C:/Users/dbtue/OneDrive/Documents/SCHOOL/ArtyS7-RPU-SoC-master/ArtyS7-RPU-SoC-master/RISCV.srcs/sources_1/bd/BRAM_cache/hdl/BRAM_cache_wrapper.vhd', nor could it be found using path 'C:/dev/RPU/ArtyS7-RPU-SoC/ArtyS7_RPU_SoC.srcs/sources_1/bd/BRAM_cache/hdl/BRAM_cache_wrapper.vhd'.
CRITICAL WARNING: [Project 1-311] Could not find the file 'C:/Users/dbtue/OneDrive/Documents/SCHOOL/ArtyS7-RPU-SoC-master/ArtyS7-RPU-SoC-master/RISCV.srcs/constrs_1/imports/Arty-S7-50-Rev-B-Master.xdc', nor could it be found using path 'C:/dev/RPU/ArtyS7-RPU-SoC/ArtyS7_RPU_SoC.srcs/constrs_1/imports/Arty-S7-50-Rev-B-Master.xdc'.
CRITICAL WARNING: [Project 1-311] Could not find the file 'C:/Users/dbtue/OneDrive/Documents/SCHOOL/ArtyS7-RPU-SoC-master/ArtyS7-RPU-SoC-master/RPU/tests/rpu_core_tb.vhd', nor could it be found using path 'C:/dev/RPU/ArtyS7-RPU-SoC/RPU/tests/rpu_core_tb.vhd'.
CRITICAL WARNING: [Project 1-311] Could not find the file 'C:/Users/dbtue/OneDrive/Documents/SCHOOL/ArtyS7-RPU-SoC-master/ArtyS7-RPU-SoC-master/rpu_core_tb_behav1.wcfg', nor could it be found using path 'C:/dev/RPU/ArtyS7-RPU-SoC/rpu_core_tb_behav1.wcfg'.
CRITICAL WARNING: [Project 1-311] Could not find the file 'C:/Users/dbtue/OneDrive/Documents/SCHOOL/ArtyS7-RPU-SoC-master/ArtyS7-RPU-SoC-master/RPU/tests/tb_alu_int32_div.vhd', nor could it be found using path 'C:/dev/RPU/ArtyS7-RPU-SoC/RPU/tests/tb_alu_int32_div.vhd'.
CRITICAL WARNING: [Project 1-311] Could not find the file 'C:/Users/dbtue/OneDrive/Documents/SCHOOL/ArtyS7-RPU-SoC-master/ArtyS7-RPU-SoC-master/RISCV.srcs/sources_1/ip/mig_7series_0/mig_7series_0.xci', nor could it be found using path 'C:/dev/RPU/ArtyS7-RPU-SoC/ArtyS7_RPU_SoC.srcs/sources_1/ip/mig_7series_0/mig_7series_0.xci'.
Scanning sources...
Finished scanning sources
INFO: [Project 1-573] Overriding 'synth_1' run's part, 'xc7s50csga324-2', with new part: 'xc7z010iclg225-1L'.
WARNING: [Project 1-509] GeneratedRun file for 'synth_1' not found
INFO: [Project 1-573] Overriding 'mig_7series_0_synth_1' run's part, 'xc7s50csga324-2', with new part: 'xc7z010iclg225-1L'.
WARNING: [Project 1-509] GeneratedRun file for 'mig_7series_0_synth_1' not found
INFO: [Project 1-573] Overriding 'BRAM_64KB_blk_mem_gen_0_0_synth_1' run's part, 'xc7s50csga324-2', with new part: 'xc7z010iclg225-1L'.
WARNING: [Project 1-509] GeneratedRun file for 'BRAM_64KB_blk_mem_gen_0_0_synth_1' not found
INFO: [Project 1-573] Overriding 'BRAM_trace_blk_mem_gen_0_0_synth_1' run's part, 'xc7s50csga324-2', with new part: 'xc7z010iclg225-1L'.
WARNING: [Project 1-509] GeneratedRun file for 'BRAM_trace_blk_mem_gen_0_0_synth_1' not found
INFO: [Project 1-573] Overriding 'clk_video_clk_wiz_0_0_synth_1' run's part, 'xc7s50csga324-2', with new part: 'xc7z010iclg225-1L'.
WARNING: [Project 1-509] GeneratedRun file for 'clk_video_clk_wiz_0_0_synth_1' not found
INFO: [Project 1-573] Overriding 'BRAM_cache_blk_mem_gen_0_0_synth_1' run's part, 'xc7s50csga324-2', with new part: 'xc7z010iclg225-1L'.
WARNING: [Project 1-509] GeneratedRun file for 'BRAM_cache_blk_mem_gen_0_0_synth_1' not found
INFO: [Project 1-573] Overriding 'impl_1' run's part, 'xc7s50csga324-2', with new part: 'xc7z010iclg225-1L'.
WARNING: [Project 1-509] GeneratedRun file for 'impl_1' not found
INFO: [Project 1-573] Overriding 'mig_7series_0_impl_1' run's part, 'xc7s50csga324-2', with new part: 'xc7z010iclg225-1L'.
INFO: [Project 1-573] Overriding 'BRAM_64KB_blk_mem_gen_0_0_impl_1' run's part, 'xc7s50csga324-2', with new part: 'xc7z010iclg225-1L'.
INFO: [Project 1-573] Overriding 'BRAM_trace_blk_mem_gen_0_0_impl_1' run's part, 'xc7s50csga324-2', with new part: 'xc7z010iclg225-1L'.
INFO: [Project 1-573] Overriding 'clk_video_clk_wiz_0_0_impl_1' run's part, 'xc7s50csga324-2', with new part: 'xc7z010iclg225-1L'.
INFO: [Project 1-573] Overriding 'BRAM_cache_blk_mem_gen_0_0_impl_1' run's part, 'xc7s50csga324-2', with new part: 'xc7z010iclg225-1L'.
INFO: [Project 1-563] Overriding project part, 'xc7s50csga324-2', with new part: 'xc7z010iclg225-1L'.
WARNING: [filemgmt 56-3] IP Output Repository Path: Could not find the directory 'C:/dev/RPU/ArtyS7_RPU_SoC_test/ArtyS7_RPU_SoC.cache/ip'.
WARNING: [filemgmt 56-2] IPUserFilesDir: Could not find the directory 'C:/Users/dbtue/OneDrive/Documents/SCHOOL/ArtyS7-RPU-SoC-master/ArtyS7_RPU_SoC_test/ArtyS7_RPU_SoC.ip_user_files', nor could it be found using path 'C:/dev/RPU/ArtyS7_RPU_SoC_test/ArtyS7_RPU_SoC.ip_user_files'.
WARNING: [BD 41-1663] The design 'clk_video.bd' cannot be modified due to following reason(s):
* Project is read-only. Please run 'save_project_as' before making any change to the bd-design. 

WARNING: [BD 41-1663] The design 'BRAM_64KB.bd' cannot be modified due to following reason(s):
* Project is read-only. Please run 'save_project_as' before making any change to the bd-design. 

WARNING: [BD 41-1663] The design 'clk_main.bd' cannot be modified due to following reason(s):
* Project is read-only. Please run 'save_project_as' before making any change to the bd-design. 

WARNING: [BD 41-1663] The design 'BRAM_trace.bd' cannot be modified due to following reason(s):
* Project is read-only. Please run 'save_project_as' before making any change to the bd-design. 

WARNING: [BD 41-1663] The design 'BRAM_cache.bd' cannot be modified due to following reason(s):
* Project is read-only. Please run 'save_project_as' before making any change to the bd-design. 

ERROR: [IP_Flow 19-993] Could not find IP file for IP 'mig_7series_0'.
CRITICAL WARNING: [IP_Flow 19-5097] Unable to determine VLNV from IP file; verify it has the correct syntax: 
WARNING: [Project 1-533] File 'C:/Users/dbtue/OneDrive/Documents/SCHOOL/ArtyS7-RPU-SoC-master/ArtyS7-RPU-SoC-master/RISCV.srcs/sources_1/bd/clk_video/ip/clk_video_clk_wiz_0_0/clk_video_clk_wiz_0_0.xci' could not be found in the subdesign 'C:/Users/dbtue/OneDrive/Documents/SCHOOL/ArtyS7-RPU-SoC-master/ArtyS7-RPU-SoC-master/RISCV.srcs/sources_1/bd/clk_video/clk_video.bd', but fileset 'clk_video_clk_wiz_0_0' still exists. The fileset and corresponding run(s) will be deleted the next time top-level synthesis is run.
WARNING: [Project 1-533] File 'C:/Users/dbtue/OneDrive/Documents/SCHOOL/ArtyS7-RPU-SoC-master/ArtyS7-RPU-SoC-master/RISCV.srcs/sources_1/bd/BRAM_64KB/ip/BRAM_64KB_blk_mem_gen_0_0/BRAM_64KB_blk_mem_gen_0_0.xci' could not be found in the subdesign 'C:/Users/dbtue/OneDrive/Documents/SCHOOL/ArtyS7-RPU-SoC-master/ArtyS7-RPU-SoC-master/RISCV.srcs/sources_1/bd/BRAM_64KB/BRAM_64KB.bd', but fileset 'BRAM_64KB_blk_mem_gen_0_0' still exists. The fileset and corresponding run(s) will be deleted the next time top-level synthesis is run.
WARNING: [Project 1-533] File 'C:/Users/dbtue/OneDrive/Documents/SCHOOL/ArtyS7-RPU-SoC-master/ArtyS7-RPU-SoC-master/RISCV.srcs/sources_1/bd/BRAM_trace/ip/BRAM_trace_blk_mem_gen_0_0/BRAM_trace_blk_mem_gen_0_0.xci' could not be found in the subdesign 'C:/Users/dbtue/OneDrive/Documents/SCHOOL/ArtyS7-RPU-SoC-master/ArtyS7-RPU-SoC-master/RISCV.srcs/sources_1/bd/BRAM_trace/BRAM_trace.bd', but fileset 'BRAM_trace_blk_mem_gen_0_0' still exists. The fileset and corresponding run(s) will be deleted the next time top-level synthesis is run.
WARNING: [Project 1-533] File 'C:/Users/dbtue/OneDrive/Documents/SCHOOL/ArtyS7-RPU-SoC-master/ArtyS7-RPU-SoC-master/RISCV.srcs/sources_1/bd/BRAM_cache/ip/BRAM_cache_blk_mem_gen_0_0/BRAM_cache_blk_mem_gen_0_0.xci' could not be found in the subdesign 'C:/Users/dbtue/OneDrive/Documents/SCHOOL/ArtyS7-RPU-SoC-master/ArtyS7-RPU-SoC-master/RISCV.srcs/sources_1/bd/BRAM_cache/BRAM_cache.bd', but fileset 'BRAM_cache_blk_mem_gen_0_0' still exists. The fileset and corresponding run(s) will be deleted the next time top-level synthesis is run.
WARNING: [Project 1-229] Project 'RISCV.xpr' is read-only and therefore could not be upgraded for this version of Vivado.  Use 'File | Save Project As...' if you wish to save an upgraded copy.
INFO: [IP_Flow 19-234] Refreshing IP repositories
INFO: [IP_Flow 19-1704] No user IP repositories specified
INFO: [IP_Flow 19-2313] Loaded Vivado IP repository 'C:/Xilinx/Vivado/2019.1/data/ip'.
open_project: Time (s): cpu = 00:00:03 ; elapsed = 00:00:07 . Memory (MB): peak = 698.773 ; gain = 69.168
ERROR: [Common 17-39] 'open_project' failed due to earlier errors.
exit
INFO: [Common 17-206] Exiting Vivado at Thu Nov  9 16:30:01 2023...
